<?xml version="1.0" encoding="UTF-8"?>
<!-- Generated by org.testng.reporters.JUnitXMLReporter -->
<testsuite ignored="1" hostname="DESKTOP-TT08IV7" failures="0" tests="2" name="Test" time="0.155" errors="0" timestamp="2022-08-16T16:17:18 IST">
  <testcase classname="first.TestCase1" name="display" time="0.057"/>
  <testcase classname="first.TestCase2" name="f" time="0.002"/>
  <testcase classname="first.TestCase1" name="display2" time="0.0">
    <ignored/>
  </testcase> <!-- display2 -->
</testsuite> <!-- Test -->
