<?xml version="1.0" encoding="UTF-8"?>
<testng-results ignored="1" total="3" passed="2" failed="0" skipped="0">
  <reporter-output>
  </reporter-output>
  <suite started-at="2022-08-16T16:17:18 IST" name="Suite" finished-at="2022-08-16T16:17:18 IST" duration-ms="155">
    <groups>
    </groups>
    <test started-at="2022-08-16T16:17:18 IST" name="Test" finished-at="2022-08-16T16:17:18 IST" duration-ms="155">
      <class name="first.TestCase1">
        <test-method signature="display()[pri:0, instance:first.TestCase1@18df8434]" started-at="2022-08-16T16:17:18 IST" name="display" finished-at="2022-08-16T16:17:18 IST" duration-ms="57" status="PASS">
          <reporter-output>
          </reporter-output>
        </test-method> <!-- display -->
      </class> <!-- first.TestCase1 -->
      <class name="first.TestCase2">
        <test-method signature="f()[pri:0, instance:first.TestCase2@e350b40]" started-at="2022-08-16T16:17:18 IST" name="f" finished-at="2022-08-16T16:17:18 IST" duration-ms="2" status="PASS">
          <reporter-output>
          </reporter-output>
        </test-method> <!-- f -->
      </class> <!-- first.TestCase2 -->
    </test> <!-- Test -->
  </suite> <!-- Suite -->
</testng-results>
